<?xml version="1.0" encoding="UTF-8"?>
<coverage generated="1772737280786" clover="3.2.0">
  <project timestamp="1772737280786" name="All files">
    <metrics statements="10" coveredstatements="10" conditionals="22" coveredconditionals="22" methods="1" coveredmethods="1" elements="33" coveredelements="33" complexity="0" loc="10" ncloc="10" packages="1" files="1" classes="1"/>
    <file name="classifyTriangle.js" path="C:\Users\jessa\CIS 602\CIS470-CA3\classifyTriangle.js">
      <metrics statements="10" coveredstatements="10" conditionals="22" coveredconditionals="22" methods="1" coveredmethods="1"/>
      <line num="3" count="23" type="cond" truecount="8" falsecount="0"/>
      <line num="4" count="7" type="stmt"/>
      <line num="8" count="16" type="cond" truecount="5" falsecount="0"/>
      <line num="9" count="7" type="stmt"/>
      <line num="13" count="9" type="cond" truecount="4" falsecount="0"/>
      <line num="14" count="4" type="stmt"/>
      <line num="15" count="5" type="cond" truecount="5" falsecount="0"/>
      <line num="16" count="4" type="stmt"/>
      <line num="18" count="1" type="stmt"/>
      <line num="23" count="1" type="stmt"/>
    </file>
  </project>
</coverage>
